<< CAP LS
<< PASS port
<< NICK jean
<< USER aduvilla aduvilla localhost :Arthur Duvillaret
>> :MADE-f0Cr4s1.com NOTICE AUTH :*** Looking up your hostname
>> :MADE-f0Cr4s1.com NOTICE AUTH :*** Found your hostname
>> :MADE-f0Cr4s1.com 001 jean :Welcome to the ft_IRC NETWORK jean!@MADE-f0Cr4s1
<< MODE jean +i
>> :MADE-f0Cr4s1.com 002 jean :Your host is MADE-f0Cr4s1, running version 1.2.3
>> :MADE-f0Cr4s1.com 003 jean :This server was created Thu Dec 12 2024 at 16:58:27 GMT
>> :MADE-f0Cr4s1.com 004 jean :MADE-f0Cr4s1 1.2.3 itkOl
>> :MADE-f0Cr4s1.com 005 jean :CHANMODES=i t, k, o, l : are supported by this server
>> :MADE-f0Cr4s1.com 251 jean :There are 1 users on 1 server
>> :MADE-f0Cr4s1.com 252 jean :10 :IRC Operators online
>> :MADE-f0Cr4s1.com 254 jean :0 :channels formed
>> :MADE-f0Cr4s1.com 375 jean :MADE-f0Cr4s1 Message of the Day -
>> :MADE-f0Cr4s1.com 372 jean :-        Welcome to
>> :MADE-f0Cr4s1.com 372 jean :-
>> :MADE-f0Cr4s1.com 372 jean :-        MADE-f0Cr4s1
>> :MADE-f0Cr4s1.com 372 jean :-
>> :MADE-f0Cr4s1.com 372 jean :-        * Host.....: MADE-f0Cr4s1
>> :MADE-f0Cr4s1.com 372 jean :-        * Port.....: 6667
>> :MADE-f0Cr4s1.com 372 jean :-
>> :MADE-f0Cr4s1.com 372 jean :-        Welcome to our 42 irc project
>> :MADE-f0Cr4s1.com 372 jean :-        by eschussl and aduvilla
>> :MADE-f0Cr4s1.com 376 jean :MADE-f0Cr4s1 End of /MOTD command.
<< PING MADE-f0Cr4s1.com
>> :MADE-f0Cr4s1.com PONG jean :MADE-f0Cr4s1.com
--> lag pong
<< NICK aduv
>> :aduv!@MADE-f0Cr4s1.com NICK  :aduv
<< NICK aduv
>> :MADE-f0Cr4s1.com 433  :Nickname already in use
<< NICK aduv
>> :MADE-f0Cr4s1.com 433  :Nickname already in use
<< PING MADE-f0Cr4s1.com
>> :MADE-f0Cr4s1.com PONG aduv :MADE-f0Cr4s1.com
--> lag pong
<< PING MADE-f0Cr4s1.com
>> :MADE-f0Cr4s1.com PONG aduv :MADE-f0Cr4s1.com
--> lag pong
<< PING MADE-f0Cr4s1.com
>> :MADE-f0Cr4s1.com PONG aduv :MADE-f0Cr4s1.com
--> lag pong
